{"/output/testing/webpack:/src \\.spec\\.ts$": {"path":"/output/testing/webpack:/src \\.spec\\.ts$","statementMap":{"0":{"start":{"line":1,"column":0},"end":{"line":3,"column":0}},"1":{"start":{"line":5,"column":0},"end":{"line":null,"column":-1}},"2":{"start":{"line":8,"column":0},"end":{"line":null,"column":-1}},"3":{"start":{"line":9,"column":0},"end":{"line":10,"column":0}},"4":{"start":{"line":10,"column":0},"end":{"line":null,"column":-1}},"5":{"start":{"line":11,"column":0},"end":{"line":null,"column":-1}},"6":{"start":{"line":13,"column":0},"end":{"line":15,"column":0}},"7":{"start":{"line":14,"column":0},"end":{"line":null,"column":-1}},"8":{"start":{"line":16,"column":0},"end":{"line":null,"column":-1}},"9":{"start":{"line":17,"column":0},"end":{"line":null,"column":-1}}},"fnMap":{"0":{"name":"webpackContext","decl":{"start":{"line":4,"column":0},"end":{"line":null,"column":-1}},"loc":{"start":{"line":4,"column":0},"end":{"line":6,"column":0}}},"1":{"name":"webpackContextResolve","decl":{"start":{"line":7,"column":0},"end":{"line":null,"column":-1}},"loc":{"start":{"line":7,"column":0},"end":{"line":12,"column":0}}},"2":{"name":"webpackContextKeys","decl":{"start":{"line":13,"column":0},"end":{"line":null,"column":-1}},"loc":{"start":{"line":13,"column":0},"end":{"line":15,"column":0}}}},"branchMap":{"0":{"loc":{"start":{"line":9,"column":0},"end":{"line":10,"column":0}},"type":"if","locations":[{"start":{"line":9,"column":0},"end":{"line":10,"column":0}},{"start":{"line":9,"column":0},"end":{"line":10,"column":0}}]}},"s":{"0":1,"1":1,"2":1,"3":1,"4":0,"5":1,"6":1,"7":1,"8":1,"9":1},"f":{"0":1,"1":1,"2":1},"b":{"0":[0,1]}}
,"/output/testing/webpack:/src/$_lazy_route_resource lazy": {"path":"/output/testing/webpack:/src/$_lazy_route_resource lazy","statementMap":{"0":{"start":{"line":4,"column":0},"end":{"line":6,"column":2}},"1":{"start":{"line":5,"column":0},"end":{"line":null,"column":-1}},"2":{"start":{"line":8,"column":0},"end":{"line":8,"column":55}},"3":{"start":{"line":8,"column":44},"end":{"line":8,"column":55}},"4":{"start":{"line":9,"column":0},"end":{"line":null,"column":-1}},"5":{"start":{"line":10,"column":0},"end":{"line":null,"column":-1}}},"fnMap":{"0":{"name":"webpackEmptyAsyncContext","decl":{"start":{"line":1,"column":0},"end":{"line":null,"column":-1}},"loc":{"start":{"line":1,"column":0},"end":{"line":7,"column":0}}},"1":{"name":"(anonymous_6)","decl":{"start":{"line":4,"column":0},"end":{"line":null,"column":-1}},"loc":{"start":{"line":4,"column":0},"end":{"line":6,"column":2}}},"2":{"name":"(anonymous_7)","decl":{"start":{"line":8,"column":0},"end":{"line":8,"column":43}},"loc":{"start":{"line":8,"column":0},"end":{"line":8,"column":55}}}},"branchMap":{},"s":{"0":0,"1":0,"2":0,"3":0,"4":0,"5":0},"f":{"0":0,"1":0,"2":0},"b":{}}
,"/output/testing/webpack:/src/test.ts": {"path":"/output/testing/webpack:/src/test.ts","statementMap":{"0":{"start":{"line":1,"column":0},"end":{"line":30,"column":-1}},"1":{"start":{"line":1,"column":0},"end":{"line":1,"column":50}},"2":{"start":{"line":2,"column":0},"end":{"line":5,"column":50}},"3":{"start":{"line":6,"column":0},"end":{"line":6,"column":39}},"4":{"start":{"line":10,"column":0},"end":{"line":29,"column":3}},"5":{"start":{"line":12,"column":2},"end":{"line":15,"column":4}},"6":{"start":{"line":17,"column":2},"end":{"line":21,"column":5}},"7":{"start":{"line":18,"column":4},"end":{"line":20,"column":6}},"8":{"start":{"line":19,"column":6},"end":{"line":19,"column":40}},"9":{"start":{"line":23,"column":2},"end":{"line":23,"column":42}},"10":{"start":{"line":26,"column":8},"end":{"line":26,"column":61}},"11":{"start":{"line":28,"column":2},"end":{"line":28,"column":30}}},"fnMap":{"0":{"name":"(anonymous_53)","decl":{"start":{"line":10,"column":38},"end":{"line":null,"column":-1}},"loc":{"start":{"line":10,"column":38},"end":{"line":29,"column":1}}},"1":{"name":"(anonymous_56)","decl":{"start":{"line":17,"column":24},"end":{"line":17,"column":24}},"loc":{"start":{"line":17,"column":30},"end":{"line":21,"column":3}}},"2":{"name":"(anonymous_57)","decl":{"start":{"line":18,"column":25},"end":{"line":null,"column":-1}},"loc":{"start":{"line":18,"column":25},"end":{"line":20,"column":5}}}},"branchMap":{},"s":{"0":1,"1":1,"2":1,"3":1,"4":1,"5":1,"6":1,"7":1,"8":3,"9":1,"10":1,"11":1},"f":{"0":1,"1":1,"2":3},"b":{}}
,"/output/testing/webpack:/src/app/app.component.spec.ts": {"path":"/output/testing/webpack:/src/app/app.component.spec.ts","statementMap":{"0":{"start":{"line":1,"column":0},"end":{"line":32,"column":-1}},"1":{"start":{"line":1,"column":6},"end":{"line":1,"column":70}},"2":{"start":{"line":1,"column":8},"end":{"line":1,"column":16}},"3":{"start":{"line":1,"column":18},"end":{"line":1,"column":20}},"4":{"start":{"line":1,"column":22},"end":{"line":1,"column":32}},"5":{"start":{"line":2,"column":8},"end":{"line":2,"column":14}},"6":{"start":{"line":4,"column":0},"end":{"line":4,"column":47}},"7":{"start":{"line":5,"column":0},"end":{"line":5,"column":46}},"8":{"start":{"line":6,"column":0},"end":{"line":31,"column":3}},"9":{"start":{"line":7,"column":2},"end":{"line":13,"column":6}},"10":{"start":{"line":8,"column":4},"end":{"line":12,"column":27}},"11":{"start":{"line":14,"column":2},"end":{"line":19,"column":6}},"12":{"start":{"line":15,"column":10},"end":{"line":15,"column":58}},"13":{"start":{"line":16,"column":10},"end":{"line":16,"column":55}},"14":{"start":{"line":17,"column":4},"end":{"line":17,"column":33}},"15":{"start":{"line":18,"column":4},"end":{"line":18,"column":30}},"16":{"start":{"line":20,"column":2},"end":{"line":24,"column":6}},"17":{"start":{"line":21,"column":10},"end":{"line":21,"column":58}},"18":{"start":{"line":22,"column":10},"end":{"line":22,"column":55}},"19":{"start":{"line":23,"column":4},"end":{"line":23,"column":38}},"20":{"start":{"line":25,"column":2},"end":{"line":30,"column":6}},"21":{"start":{"line":26,"column":10},"end":{"line":26,"column":58}},"22":{"start":{"line":27,"column":4},"end":{"line":27,"column":28}},"23":{"start":{"line":28,"column":10},"end":{"line":28,"column":56}},"24":{"start":{"line":29,"column":4},"end":{"line":29,"column":83}}},"fnMap":{"0":{"name":"(anonymous_23)","decl":{"start":{"line":6,"column":25},"end":{"line":null,"column":-1}},"loc":{"start":{"line":6,"column":25},"end":{"line":31,"column":1}}},"1":{"name":"(anonymous_24)","decl":{"start":{"line":7,"column":14},"end":{"line":null,"column":-1}},"loc":{"start":{"line":7,"column":14},"end":{"line":13,"column":3}}},"2":{"name":"(anonymous_27)","decl":{"start":{"line":14,"column":31},"end":{"line":null,"column":-1}},"loc":{"start":{"line":14,"column":31},"end":{"line":19,"column":3}}},"3":{"name":"(anonymous_30)","decl":{"start":{"line":20,"column":36},"end":{"line":null,"column":-1}},"loc":{"start":{"line":20,"column":36},"end":{"line":24,"column":3}}},"4":{"name":"(anonymous_33)","decl":{"start":{"line":25,"column":41},"end":{"line":null,"column":-1}},"loc":{"start":{"line":25,"column":41},"end":{"line":30,"column":3}}}},"branchMap":{},"s":{"0":1,"1":1,"2":1,"3":1,"4":1,"5":1,"6":1,"7":1,"8":1,"9":1,"10":3,"11":1,"12":1,"13":1,"14":1,"15":1,"16":1,"17":1,"18":1,"19":1,"20":1,"21":1,"22":1,"23":1,"24":1},"f":{"0":1,"1":3,"2":1,"3":1,"4":1},"b":{}}
,"/output/testing/webpack:/src/app/app.component.ts": {"path":"/output/testing/webpack:/src/app/app.component.ts","statementMap":{"0":{"start":{"line":1,"column":0},"end":{"line":1,"column":41}},"1":{"start":{"line":8,"column":0},"end":{"line":10,"column":1}},"2":{"start":{"line":9,"column":2},"end":{"line":9,"column":16}},"3":{"start":{"line":8,"column":13},"end":{"line":10,"column":1}},"4":{"start":{"line":10,"column":0},"end":{"line":10,"column":1}},"5":{"start":{"line":8,"column":13},"end":{"line":8,"column":25}}},"fnMap":{"0":{"name":"(anonymous_38)","decl":{"start":{"line":8,"column":0},"end":{"line":null,"column":-1}},"loc":{"start":{"line":8,"column":0},"end":{"line":10,"column":1}}},"1":{"name":"AppComponent","decl":{"start":{"line":3,"column":0},"end":{"line":null,"column":-1}},"loc":{"start":{"line":3,"column":0},"end":{"line":10,"column":1}}}},"branchMap":{},"s":{"0":1,"1":1,"2":3,"3":1,"4":1,"5":1},"f":{"0":1,"1":3},"b":{}}
}
